<?xml version="1.0" encoding="UTF-8"?>
<testsuite name="PlaceholderAPITest" tests="1" skipped="0" failures="0" errors="0" timestamp="2016-03-07T07:19:40" hostname="Meyers-MacBook-Pro.local" time="0.065">
  <properties/>
  <testcase name="test" classname="PlaceholderAPITest" time="0.065"/>
  <system-out><![CDATA[hallo
Looking for matches.
Found!
Hi!
]]></system-out>
  <system-err><![CDATA[]]></system-err>
</testsuite>
